CommerceMobile/utils/build/intermediates/manifest_merge_blame_file/release/manifest-merger-blame-release-report.txt
1<?xml version="1.0" encoding="utf-8"?>
2<manifest xmlns:android="http://schemas.android.com/apk/res/android"
3    package="curso.utils"
4    android:versionCode="1"
5    android:versionName="1.0" >
6
7    <uses-sdk
8        android:minSdkVersion="19"
8-->src\main\AndroidManifest.xml
9        android:targetSdkVersion="29" />
9-->src\main\AndroidManifest.xml
10
11    <application
11-->src\main\AndroidManifest.xml:7:5-10:19
12        android:icon="@drawable/ic_launcher"
12-->src\main\AndroidManifest.xml:8:9-45
13        android:label="@string/app_name" >
13-->src\main\AndroidManifest.xml:9:9-41
14    </application>
15
16</manifest>